<?xml version="1.0" encoding="UTF-8"?>
<!-- Generated by org.testng.reporters.JUnitReportReporter -->
<testsuite hostname="DESKTOP-CJ2TM4F" failures="0" tests="1" name="TESTCLASS.HomeTest" time="9.904" errors="0" timestamp="2023-07-02T15:10:44 IST" skipped="0">
  <testcase classname="TESTCLASS.HomeTest" name="testhomepage" time="9.904"/>
  <system-out/>
</testsuite> <!-- TESTCLASS.HomeTest -->
